app/build/outputs/logs/manifest-merger-debug-report.txt
-- Merging decision tree log ---
manifest
ADDED from AndroidManifest.xml:2:1
	xmlns:tools
		ADDED from AndroidManifest.xml:5:31
	xmlns:android
		ADDED from AndroidManifest.xml:2:11
	package
		ADDED from AndroidManifest.xml:3:5
		INJECTED from AndroidManifest.xml:0:0
		INJECTED from AndroidManifest.xml:0:0
	android:versionName
		ADDED from AndroidManifest.xml:5:5
	android:versionCode
		ADDED from AndroidManifest.xml:4:5
		INJECTED from AndroidManifest.xml:0:0
		INJECTED from AndroidManifest.xml:0:0
uses-sdk
ADDED from AndroidManifest.xml:7:5
	android:targetSdkVersion
		ADDED from AndroidManifest.xml:9:9
		INJECTED from AndroidManifest.xml:0:0
		INJECTED from AndroidManifest.xml:0:0
	android:minSdkVersion
		ADDED from AndroidManifest.xml:8:9
		INJECTED from AndroidManifest.xml:0:0
		INJECTED from AndroidManifest.xml:0:0
uses-permission#android.permission.INTERNET
ADDED from AndroidManifest.xml:11:5
	android:name
		ADDED from AndroidManifest.xml:11:22
uses-permission#android.permission.ACCESS_NETWORK_STATE
ADDED from AndroidManifest.xml:12:2
	android:name
		ADDED from AndroidManifest.xml:12:19
application
ADDED from AndroidManifest.xml:14:5
	android:label
		ADDED from AndroidManifest.xml:16:9
	android:allowBackup
		ADDED from AndroidManifest.xml:15:9
	tools:ignore
		ADDED from AndroidManifest.xml:17:9
activity#com.dropbox.sample.hellodropbox.HelloDropboxActivity
ADDED from AndroidManifest.xml:18:9
	android:label
		ADDED from AndroidManifest.xml:20:13
	android:name
		ADDED from AndroidManifest.xml:19:13
intent-filter#android.intent.action.MAIN+android.intent.category.LAUNCHER
ADDED from AndroidManifest.xml:21:13
action#android.intent.action.MAIN
ADDED from AndroidManifest.xml:22:17
	android:name
		ADDED from AndroidManifest.xml:22:25
category#android.intent.category.LAUNCHER
ADDED from AndroidManifest.xml:24:17
	android:name
		ADDED from AndroidManifest.xml:24:27
activity#com.dropbox.sync.android.DbxAuthActivity
ADDED from AndroidManifest.xml:28:9
	android:name
		ADDED from AndroidManifest.xml:28:19
activity#com.dropbox.client2.android.AuthActivity
ADDED from AndroidManifest.xml:29:3
	android:name
		ADDED from AndroidManifest.xml:30:4
	android:launchMode
		ADDED from AndroidManifest.xml:31:6
intent-filter#android.intent.action.VIEW+android.intent.category.BROWSABLE+android.intent.category.DEFAULT
ADDED from AndroidManifest.xml:32:6
data
ADDED from AndroidManifest.xml:33:17
	android:scheme
		ADDED from AndroidManifest.xml:33:23
action#android.intent.action.VIEW
ADDED from AndroidManifest.xml:35:8
	android:name
		ADDED from AndroidManifest.xml:35:16
category#android.intent.category.BROWSABLE
ADDED from AndroidManifest.xml:36:8
	android:name
		ADDED from AndroidManifest.xml:36:18
category#android.intent.category.DEFAULT
ADDED from AndroidManifest.xml:37:8
	android:name
		ADDED from AndroidManifest.xml:37:18
service#com.dropbox.sync.android.DbxSyncService
ADDED from AndroidManifest.xml:40:3
	android:label
		ADDED from AndroidManifest.xml:44:6
	android:exported
		ADDED from AndroidManifest.xml:43:6
	android:enabled
		ADDED from AndroidManifest.xml:42:6
	android:name
		ADDED from AndroidManifest.xml:41:6